<?xml version="1.0" encoding="UTF-8"?>
<!-- Generated by org.testng.reporters.JUnitXMLReporter -->
<testsuite hostname="MAA-5CG7350F4Z" ignored="0" name="Test" tests="1" failures="1" timestamp="11 Jan 2021 17:24:13 GMT" time="6.784" errors="0">
  <testcase name="initiate" time="6.744" classname="org.test.Executable">
    <failure type="java.lang.NullPointerException">
      <![CDATA[java.lang.NullPointerException
at org.base.Base.btnClick(Base.java:31)
at org.test.Executable.initiate(Executable.java:17)
... Removed 25 stack frames]]>
    </failure>
  </testcase> <!-- initiate -->
</testsuite> <!-- Test -->
